#
# There is insufficient memory for the Java Runtime Environment to continue.
# Native memory allocation (malloc) failed to allocate 1368016 bytes for Chunk::new
# Possible reasons:
#   The system is out of physical RAM or swap space
#   The process is running with CompressedOops enabled, and the Java Heap may be blocking the growth of the native heap
# Possible solutions:
#   Reduce memory load on the system
#   Increase physical memory or swap space
#   Check if swap backing store is full
#   Decrease Java heap size (-Xmx/-Xms)
#   Decrease number of Java threads
#   Decrease Java thread stack sizes (-Xss)
#   Set larger code cache with -XX:ReservedCodeCacheSize=
#   JVM is running with Unscaled Compressed Oops mode in which the Java heap is
#     placed in the first 4GB address space. The Java Heap base address is the
#     maximum limit for the native heap growth. Please use -XX:HeapBaseMinAddress
#     to set the Java Heap base and to place the Java Heap above 4GB virtual address.
# This output file may be truncated or incomplete.
#
#  Out of Memory Error (allocation.cpp:389), pid=25168, tid=0x0000000000001ea8
#
# JRE version: OpenJDK Runtime Environment (8.0_212-b04) (build 1.8.0_212-release-1586-b04)
# Java VM: OpenJDK 64-Bit Server VM (25.212-b04 mixed mode windows-amd64 compressed oops)
# Failed to write core dump. Minidumps are not enabled by default on client versions of Windows
#

---------------  T H R E A D  ---------------

Current thread (0x000000001992c000):  JavaThread "C2 CompilerThread0" daemon [_thread_in_native, id=7848, stack(0x000000001a0f0000,0x000000001a1f0000)]

Stack: [0x000000001a0f0000,0x000000001a1f0000]
[error occurred during error reporting (printing stack bounds), id 0xc0000005]

Native frames: (J=compiled Java code, j=interpreted, Vv=VM code, C=native code)


Current CompileTask:
C2:   8140 1277       4       org.jetbrains.kotlin.cli.common.arguments.ParseCommandLineArgumentsKt$parsePreprocessedCommandLineArguments$1::invoke (345 bytes)


---------------  P R O C E S S  ---------------

Java Threads: ( => current thread )
  0x00000000199d3000 JavaThread "Service Thread" daemon [_thread_blocked, id=11936, stack(0x000000001a4f0000,0x000000001a5f0000)]
  0x0000000019945800 JavaThread "C1 CompilerThread3" daemon [_thread_blocked, id=19748, stack(0x000000001a3f0000,0x000000001a4f0000)]
  0x0000000019932800 JavaThread "C2 CompilerThread2" daemon [_thread_blocked, id=7496, stack(0x000000001a2f0000,0x000000001a3f0000)]
  0x0000000019930000 JavaThread "C2 CompilerThread1" daemon [_thread_blocked, id=12296, stack(0x000000001a1f0000,0x000000001a2f0000)]
=>0x000000001992c000 JavaThread "C2 CompilerThread0" daemon [_thread_in_native, id=7848, stack(0x000000001a0f0000,0x000000001a1f0000)]
  0x000000001992b000 JavaThread "Attach Listener" daemon [_thread_blocked, id=21068, stack(0x0000000019ff0000,0x000000001a0f0000)]
  0x00000000198d8800 JavaThread "Signal Dispatcher" daemon [_thread_blocked, id=14744, stack(0x0000000019ef0000,0x0000000019ff0000)]
  0x0000000017ada000 JavaThread "Finalizer" daemon [_thread_blocked, id=12236, stack(0x0000000019d90000,0x0000000019e90000)]
  0x00000000198b0800 JavaThread "Reference Handler" daemon [_thread_blocked, id=23772, stack(0x0000000019c90000,0x0000000019d90000)]
  0x0000000002abf800 JavaThread "main" [_thread_in_native, id=23668, stack(0x00000000029b0000,0x0000000002ab0000)]

Other Threads:
  0x0000000017acc000 VMThread [stack: 0x0000000019790000,0x0000000019890000] [id=6640]
  0x00000000199d7800 WatcherThread [stack: 0x000000001a5f0000,0x000000001a6f0000] [id=14920]

VM state:not at safepoint (normal execution)

VM Mutex/Monitor currently owned by a thread: None

heap address: 0x0000000082200000, size: 2014 MB, Compressed Oops mode: 32-bit
Narrow klass base: 0x0000000000000000, Narrow klass shift: 3
Compressed class space size: 1073741824 Address: 0x0000000100000000

Heap:
 PSYoungGen      total 37888K, used 24471K [0x00000000d6100000, 0x00000000d8b00000, 0x0000000100000000)
  eden space 32768K, 59% used [0x00000000d6100000,0x00000000d73e6d00,0x00000000d8100000)
  from space 5120K, 99% used [0x00000000d8100000,0x00000000d85fef10,0x00000000d8600000)
  to   space 5120K, 0% used [0x00000000d8600000,0x00000000d8600000,0x00000000d8b00000)
 ParOldGen       total 86016K, used 2830K [0x0000000082200000, 0x0000000087600000, 0x00000000d6100000)
  object space 86016K, 3% used [0x0000000082200000,0x00000000824c39d0,0x0000000087600000)
 Metaspace       used 12481K, capacity 12702K, committed 12800K, reserved 1060864K
  class space    used 1410K, capacity 1493K, committed 1536K, reserved 1048576K

Card table byte_map: [0x0000000011f70000,0x0000000012360000] byte_map_base: 0x0000000011b5f000

Marking Bits: (ParMarkBitMap*) 0x000000005a3c9f30
 Begin Bits: [0x0000000012e00000, 0x0000000014d78000)
 End Bits:   [0x0000000014d78000, 0x0000000016cf0000)

Polling page: 0x0000000000c70000

CodeCache: size=245760Kb used=4116Kb max_used=4116Kb free=241643Kb
 bounds [0x0000000002bb0000, 0x0000000002fc0000, 0x0000000011bb0000]
 total_blobs=1656 nmethods=1300 adapters=269
 compilation: enabled

Compilation events (10 events):
Event: 7.826 Thread 0x0000000019945800 1294       3       java.lang.Enum::<init> (15 bytes)
Event: 7.826 Thread 0x0000000019945800 nmethod 1294 0x0000000002fb5410 code [0x0000000002fb5560, 0x0000000002fb5730]
Event: 7.862 Thread 0x0000000019945800 1295       3       java.util.regex.Pattern::next (33 bytes)
Event: 7.862 Thread 0x0000000019945800 nmethod 1295 0x0000000002faeb90 code [0x0000000002faed00, 0x0000000002faefc8]
Event: 7.862 Thread 0x0000000019945800 1296       3       java.util.regex.Pattern$Node::<init> (12 bytes)
Event: 7.862 Thread 0x0000000019945800 nmethod 1296 0x0000000002fae790 code [0x0000000002fae900, 0x0000000002faead0]
Event: 7.897 Thread 0x0000000019945800 1297       1       java.util.regex.Pattern::flags (5 bytes)
Event: 7.897 Thread 0x0000000019945800 nmethod 1297 0x0000000002fae4d0 code [0x0000000002fae620, 0x0000000002fae730]
Event: 7.898 Thread 0x0000000019945800 1298       3       java.net.URI$Parser::charAt (9 bytes)
Event: 7.898 Thread 0x0000000019945800 nmethod 1298 0x0000000002fad1d0 code [0x0000000002fad340, 0x0000000002fad688]

GC Heap History (2 events):
Event: 6.031 GC heap before
{Heap before GC invocations=1 (full 0):
 PSYoungGen      total 37888K, used 32768K [0x00000000d6100000, 0x00000000d8b00000, 0x0000000100000000)
  eden space 32768K, 100% used [0x00000000d6100000,0x00000000d8100000,0x00000000d8100000)
  from space 5120K, 0% used [0x00000000d8600000,0x00000000d8600000,0x00000000d8b00000)
  to   space 5120K, 0% used [0x00000000d8100000,0x00000000d8100000,0x00000000d8600000)
 ParOldGen       total 86016K, used 0K [0x0000000082200000, 0x0000000087600000, 0x00000000d6100000)
  object space 86016K, 0% used [0x0000000082200000,0x0000000082200000,0x0000000087600000)
 Metaspace       used 9889K, capacity 10060K, committed 10112K, reserved 1058816K
  class space    used 1092K, capacity 1148K, committed 1152K, reserved 1048576K
Event: 6.038 GC heap after
Heap after GC invocations=1 (full 0):
 PSYoungGen      total 37888K, used 5115K [0x00000000d6100000, 0x00000000d8b00000, 0x0000000100000000)
  eden space 32768K, 0% used [0x00000000d6100000,0x00000000d6100000,0x00000000d8100000)
  from space 5120K, 99% used [0x00000000d8100000,0x00000000d85fef10,0x00000000d8600000)
  to   space 5120K, 0% used [0x00000000d8600000,0x00000000d8600000,0x00000000d8b00000)
 ParOldGen       total 86016K, used 2830K [0x0000000082200000, 0x0000000087600000, 0x00000000d6100000)
  object space 86016K, 3% used [0x0000000082200000,0x00000000824c39d0,0x0000000087600000)
 Metaspace       used 9889K, capacity 10060K, committed 10112K, reserved 1058816K
  class space    used 1092K, capacity 1148K, committed 1152K, reserved 1048576K
}

Deoptimization events (3 events):
Event: 3.369 Thread 0x0000000002abf800 Uncommon trap: reason=unstable_if action=reinterpret pc=0x0000000002d5cfc4 method=java.lang.String.indexOf([CII[CIII)I @ 134
Event: 5.442 Thread 0x0000000002abf800 Uncommon trap: reason=unstable_if action=reinterpret pc=0x0000000002e22ba8 method=kotlin.reflect.jvm.internal.impl.protobuf.CodedInputStream.readRawVarint32()I @ 10
Event: 7.664 Thread 0x0000000002abf800 Uncommon trap: reason=unstable_if action=reinterpret pc=0x0000000002e18aa0 method=java.lang.String.<init>([CII)V @ 18

Classes redefined (0 events):
No events

Internal exceptions (10 events):
Event: 0.688 Thread 0x0000000002abf800 Exception <a 'java/lang/NoSuchFieldError': method resolution failed> (0x00000000d64fe340) thrown at [D:\src\AOSP-openjdk-cygwin\jdk8u\hotspot\src\share\vm\prims\methodHandles.cpp, line 1167]
Event: 0.689 Thread 0x0000000002abf800 Exception <a 'java/lang/NoSuchFieldError': method resolution failed> (0x00000000d650b770) thrown at [D:\src\AOSP-openjdk-cygwin\jdk8u\hotspot\src\share\vm\prims\methodHandles.cpp, line 1167]
Event: 3.368 Thread 0x0000000002abf800 Exception <a 'java/security/PrivilegedActionException'> (0x00000000d6f5afd0) thrown at [D:\src\AOSP-openjdk-cygwin\jdk8u\hotspot\src\share\vm\prims\jvm.cpp, line 1502]
Event: 3.368 Thread 0x0000000002abf800 Exception <a 'java/security/PrivilegedActionException'> (0x00000000d6f5b3c8) thrown at [D:\src\AOSP-openjdk-cygwin\jdk8u\hotspot\src\share\vm\prims\jvm.cpp, line 1502]
Event: 3.368 Thread 0x0000000002abf800 Exception <a 'java/security/PrivilegedActionException'> (0x00000000d6f5eeb8) thrown at [D:\src\AOSP-openjdk-cygwin\jdk8u\hotspot\src\share\vm\prims\jvm.cpp, line 1502]
Event: 3.368 Thread 0x0000000002abf800 Exception <a 'java/security/PrivilegedActionException'> (0x00000000d6f5f2b0) thrown at [D:\src\AOSP-openjdk-cygwin\jdk8u\hotspot\src\share\vm\prims\jvm.cpp, line 1502]
Event: 3.368 Thread 0x0000000002abf800 Exception <a 'java/security/PrivilegedActionException'> (0x00000000d6f60b60) thrown at [D:\src\AOSP-openjdk-cygwin\jdk8u\hotspot\src\share\vm\prims\jvm.cpp, line 1502]
Event: 3.368 Thread 0x0000000002abf800 Exception <a 'java/security/PrivilegedActionException'> (0x00000000d6f60f58) thrown at [D:\src\AOSP-openjdk-cygwin\jdk8u\hotspot\src\share\vm\prims\jvm.cpp, line 1502]
Event: 4.954 Thread 0x0000000002abf800 Exception <a 'java/lang/ArrayIndexOutOfBoundsException'> (0x00000000d7c7a658) thrown at [D:\src\AOSP-openjdk-cygwin\jdk8u\hotspot\src\share\vm\runtime\sharedRuntime.cpp, line 605]
Event: 6.644 Thread 0x0000000002abf800 Exception <a 'java/lang/ArrayIndexOutOfBoundsException'> (0x00000000d66402d0) thrown at [D:\src\AOSP-openjdk-cygwin\jdk8u\hotspot\src\share\vm\runtime\sharedRuntime.cpp, line 605]

Events (10 events):
Event: 7.901 loading class java/nio/channels/GatheringByteChannel
Event: 7.901 loading class java/nio/channels/GatheringByteChannel done
Event: 7.901 loading class java/nio/channels/ScatteringByteChannel
Event: 7.901 loading class java/nio/channels/ScatteringByteChannel done
Event: 7.901 loading class java/nio/channels/spi/AbstractInterruptibleChannel
Event: 7.901 loading class java/nio/channels/InterruptibleChannel
Event: 7.901 loading class java/nio/channels/InterruptibleChannel done
Event: 7.901 loading class java/nio/channels/spi/AbstractInterruptibleChannel done
Event: 7.901 loading class java/nio/channels/FileChannel done
Event: 7.901 loading class java/io/FileFilter


Dynamic libraries:
0x00007ff72c4e0000 - 0x00007ff72c511000 	D:\tools\Android\Android Studio\jre\jre\bin\java.exe
0x00007fff93160000 - 0x00007fff93350000 	C:\WINDOWS\SYSTEM32\ntdll.dll
0x00007fff92a20000 - 0x00007fff92ad2000 	C:\WINDOWS\System32\KERNEL32.DLL
0x00007fff90450000 - 0x00007fff906f3000 	C:\WINDOWS\System32\KERNELBASE.dll
0x00007fff92f50000 - 0x00007fff92ff3000 	C:\WINDOWS\System32\ADVAPI32.dll
0x00007fff92670000 - 0x00007fff9270e000 	C:\WINDOWS\System32\msvcrt.dll
0x00007fff916e0000 - 0x00007fff91777000 	C:\WINDOWS\System32\sechost.dll
0x00007fff93000000 - 0x00007fff93120000 	C:\WINDOWS\System32\RPCRT4.dll
0x00007fff91790000 - 0x00007fff91924000 	C:\WINDOWS\System32\USER32.dll
0x00007fff901a0000 - 0x00007fff901c1000 	C:\WINDOWS\System32\win32u.dll
0x00007fff919e0000 - 0x00007fff91a06000 	C:\WINDOWS\System32\GDI32.dll
0x00007fff90230000 - 0x00007fff903c4000 	C:\WINDOWS\System32\gdi32full.dll
0x00007fff90700000 - 0x00007fff9079e000 	C:\WINDOWS\System32\msvcp_win.dll
0x00007fff90f50000 - 0x00007fff9104a000 	C:\WINDOWS\System32\ucrtbase.dll
0x00007fff862f0000 - 0x00007fff86575000 	C:\WINDOWS\WinSxS\amd64_microsoft.windows.common-controls_6595b64144ccf1df_6.0.18362.720_none_e6beb5c51314836b\COMCTL32.dll
0x00007fff92c10000 - 0x00007fff92f46000 	C:\WINDOWS\System32\combase.dll
0x00007fff903d0000 - 0x00007fff90450000 	C:\WINDOWS\System32\bcryptPrimitives.dll
0x00007fff91a90000 - 0x00007fff91abe000 	C:\WINDOWS\System32\IMM32.DLL
0x0000000059b20000 - 0x0000000059bf2000 	D:\tools\Android\Android Studio\jre\jre\bin\msvcr100.dll
0x0000000059c00000 - 0x000000005a446000 	D:\tools\Android\Android Studio\jre\jre\bin\server\jvm.dll
0x00007fff92460000 - 0x00007fff92468000 	C:\WINDOWS\System32\PSAPI.DLL
0x00007fff89980000 - 0x00007fff8998a000 	C:\WINDOWS\SYSTEM32\VERSION.dll
0x00007fff8eb30000 - 0x00007fff8eb39000 	C:\WINDOWS\SYSTEM32\WSOCK32.dll
0x00007fff87050000 - 0x00007fff87074000 	C:\WINDOWS\SYSTEM32\WINMM.dll
0x00007fff91a10000 - 0x00007fff91a7f000 	C:\WINDOWS\System32\WS2_32.dll
0x00007fff87020000 - 0x00007fff8704d000 	C:\WINDOWS\SYSTEM32\WINMMBASE.dll
0x00007fff911c0000 - 0x00007fff9120a000 	C:\WINDOWS\System32\cfgmgr32.dll
0x00007fff85460000 - 0x00007fff8546f000 	D:\tools\Android\Android Studio\jre\jre\bin\verify.dll
0x00007fff68e50000 - 0x00007fff68e79000 	D:\tools\Android\Android Studio\jre\jre\bin\java.dll
0x00007fff699e0000 - 0x00007fff699f6000 	D:\tools\Android\Android Studio\jre\jre\bin\zip.dll
0x00007fff91c10000 - 0x00007fff922f5000 	C:\WINDOWS\System32\SHELL32.dll
0x00007fff92b60000 - 0x00007fff92c09000 	C:\WINDOWS\System32\shcore.dll
0x00007fff907d0000 - 0x00007fff90f50000 	C:\WINDOWS\System32\windows.storage.dll
0x00007fff900c0000 - 0x00007fff900e3000 	C:\WINDOWS\System32\profapi.dll
0x00007fff90070000 - 0x00007fff900ba000 	C:\WINDOWS\System32\powrprof.dll
0x00007fff90020000 - 0x00007fff90030000 	C:\WINDOWS\System32\UMPDC.dll
0x00007fff92470000 - 0x00007fff924c2000 	C:\WINDOWS\System32\shlwapi.dll
0x00007fff90030000 - 0x00007fff90041000 	C:\WINDOWS\System32\kernel.appcore.dll
0x00007fff91050000 - 0x00007fff91067000 	C:\WINDOWS\System32\cryptsp.dll

VM Arguments:
java_command: org.jetbrains.kotlin.cli.jvm.K2JVMCompiler -Xallow-no-source-files -classpath D:\workspace\bishe\maoAPP2\app\build\intermediates\compile_and_runtime_not_namespaced_r_class_jar\debug\R.jar;D:\tools\Android\gradle\gradle-5.6.4\caches\transforms-2\files-2.1\97cb8650eedab221db3a1a5bc5475432\multidex-2.0.0-api.jar;D:\tools\Android\gradle\gradle-5.6.4\caches\transforms-2\files-2.1\e47a32ce5738495073702eb03da60030\jetified-kotlin-android-extensions-runtime-1.3.61.jar;D:\tools\Android\gradle\gradle-5.6.4\caches\transforms-2\files-2.1\7e2ac2638a9ec5cb0758db16eb0df4e8\jetified-kotlin-stdlib-jdk7-1.3.61.jar;D:\tools\Android\gradle\gradle-5.6.4\caches\transforms-2\files-2.1\3ca7cc2efd43745d88b97191f9030792\jetified-core-ktx-1.2.0-api.jar;D:\tools\Android\gradle\gradle-5.6.4\caches\transforms-2\files-2.1\cbfe5cb50575b213ec156e3311739c82\navigation-fragment-ktx-2.0.0-api.jar;D:\tools\Android\gradle\gradle-5.6.4\caches\transforms-2\files-2.1\6e75e3f7d82df89962854fe47b24dd4a\navigation-ui-ktx-2.0.0-api.jar;D:\tools\Android\gradle\gradle-5.6.4\caches\transforms-2\files-2.1\3b0dff6cb411b0366e26c86f754563eb\navigation-runtime-ktx-2.0.0-api.jar;D:\tools\Android\gradle\gradle-5.6.4\caches\transforms-2\files-2.1\98db7a09c0d820bba80451aa6192eb06\navigation-common-ktx-2.0.0-api.jar;D:\tools\Android\gradle\gradle-5.6.4\caches\transforms-2\files-2.1\42ebccf0c50b73318031332f347dfac5\jetified-kotlin-stdlib-1.3.61.jar;D:\tools\Android\gradle\gradle-5.6.4\caches\transforms-2\files-2.1\3a0b57db1b80abfef92027b54434b676\jetified-kotlin-stdlib-common-1.3.61.jar;D:\tools\Android\gradle\gradle-5.6.4\caches\transforms-2\files-2.1\81d64be9eea4b0a12231ce56676b5fda\jetified-annotations-16.0.1.jar;D:\tools\Android\gradle\gradle-5.6.4\caches\transforms-2\files-2.1\a0bba1b860e4f521fa5694f32cf3a8d6\jetified-MobTools-2020.0403.1108.jar;D:\tools\Android\gradle\gradle-5.6.4\caches\transforms-2\files-2.1\17fd897dde5434e7dddbaa280765bda9\jetified-MobCommons-2020.0411.1547.jar;D:\tools\Android\gradl
java_class_path (initial): D:\tools\Android\gradle\gradle-5.6.4\caches\modules-2\files-2.1\org.jetbrains.kotlin\kotlin-compiler-embeddable\1.3.61\c35c0833d5a1e3d229359758482c480306724618\kotlin-compiler-embeddable-1.3.61.jar;D:\tools\Android\gradle\gradle-5.6.4\caches\modules-2\files-2.1\org.jetbrains.kotlin\kotlin-reflect\1.3.61\2e07c9a84c9e118efb70eede7e579fd663932122\kotlin-reflect-1.3.61.jar;D:\tools\Android\gradle\gradle-5.6.4\caches\modules-2\files-2.1\org.jetbrains.kotlin\kotlin-stdlib\1.3.61\4702105e97f7396ae41b113fdbdc180ec1eb1e36\kotlin-stdlib-1.3.61.jar;D:\tools\Android\gradle\gradle-5.6.4\caches\modules-2\files-2.1\org.jetbrains.kotlin\kotlin-script-runtime\1.3.61\e5feb39c8de63dcbdc1154b34ca4413874231605\kotlin-script-runtime-1.3.61.jar;D:\tools\Android\gradle\gradle-5.6.4\caches\modules-2\files-2.1\org.jetbrains.kotlin\kotlin-daemon-embeddable\1.3.61\4de83e41a92c8395d89ab2e81d26b788ba163824\kotlin-daemon-embeddable-1.3.61.jar;D:\tools\Android\gradle\gradle-5.6.4\caches\modules-2\files-2.1\org.jetbrains.intellij.deps\trove4j\1.0.20181211\216c2e14b070f334479d800987affe4054cd563f\trove4j-1.0.20181211.jar;D:\tools\Android\gradle\gradle-5.6.4\caches\modules-2\files-2.1\org.jetbrains.kotlin\kotlin-stdlib-common\1.3.61\65abb71d5afb850b68be03987b08e2c864ca3110\kotlin-stdlib-common-1.3.61.jar;D:\tools\Android\gradle\gradle-5.6.4\caches\modules-2\files-2.1\org.jetbrains\annotations\13.0\919f0dfe192fb4e063e7dacadee7f8bb9a2672a9\annotations-13.0.jar;D:\tools\Android\Android Studio\jre\lib\tools.jar
Launcher Type: SUN_STANDARD

Environment Variables:
JAVA_HOME=C:\Program Files\Java\jdk1.8.0_141
JRE_HOME=C:\Program Files\Java\jre1.8.0_141
CLASSPATH= .;C:\Program Files\Java\jdk1.8.0_141\lib;C:\Program Files\Java\jdk1.8.0_141\jre\lib
USERNAME=hxq
OS=Windows_NT
PROCESSOR_IDENTIFIER=Intel64 Family 6 Model 94 Stepping 3, GenuineIntel



---------------  S Y S T E M  ---------------

OS: Windows 10.0 , 64 bit Build 18362 (10.0.18362.329)

CPU:total 8 (initial active 8) (4 cores per cpu, 2 threads per core) family 6 model 94 stepping 3, cmov, cx8, fxsr, mmx, sse, sse2, sse3, ssse3, sse4.1, sse4.2, popcnt, avx, avx2, aes, clmul, erms, rtm, 3dnowpref, lzcnt, ht, tsc, tscinvbit, bmi1, bmi2, adx

Memory: 4k page, physical 8241440k(655796k free), swap 33407264k(5460k free)

vm_info: OpenJDK 64-Bit Server VM (25.212-b04) for windows-amd64 JRE (1.8.0_212-release-1586-b04), built by "builder" with MS VC++ 10.0 (VS2010)

time: Sat Apr 18 18:03:07 2020
timezone: 中国标准时间
elapsed time: 8 seconds (0d 0h 0m 8s)

